Running: /opt/Xilinx/14.7/ISE_DS/ISE/bin/lin64/unwrapped/fuse -intstyle ise -incremental -lib secureip -o /home/kryzha/Documents/proj-reti-2023/final_version/test_stage1_isim_beh.exe -prj /home/kryzha/Documents/proj-reti-2023/final_version/test_stage1_beh.prj work.test_stage1 
ISim P.20131013 (signature 0xfbc00daa)
Number of CPUs detected in this system: 16
Turning on mult-threading, number of parallel sub-compilation jobs: 32 
Determining compilation order of HDL files
Parsing VHDL file "/home/kryzha/Documents/proj-reti-2023/final_version/FourBitComparator.vhd" into library work
Parsing VHDL file "/home/kryzha/Documents/proj-reti-2023/final_version/EightBitComparator.vhd" into library work
Parsing VHDL file "/home/kryzha/Documents/proj-reti-2023/final_version/MantissaComparator.vhd" into library work
Parsing VHDL file "/home/kryzha/Documents/proj-reti-2023/final_version/FullAdder.vhd" into library work
Parsing VHDL file "/home/kryzha/Documents/proj-reti-2023/final_version/RCA.vhd" into library work
Parsing VHDL file "/home/kryzha/Documents/proj-reti-2023/final_version/OpPicker.vhd" into library work
Parsing VHDL file "/home/kryzha/Documents/proj-reti-2023/final_version/Comparator.vhd" into library work
Parsing VHDL file "/home/kryzha/Documents/proj-reti-2023/final_version/CaseManager.vhd" into library work
Parsing VHDL file "/home/kryzha/Documents/proj-reti-2023/final_version/FirstStageTOP.vhd" into library work
Parsing VHDL file "/home/kryzha/Documents/proj-reti-2023/final_version/test_stage1.vhd" into library work
Starting static elaboration
Completed static elaboration
Fuse Memory Usage: 83756 KB
Fuse CPU Usage: 1080 ms
Compiling package standard
Compiling package std_logic_1164
Compiling architecture rtl of entity OpPicker [oppicker_default]
Compiling architecture rtl of entity FourBitComparator [fourbitcomparator_default]
Compiling architecture rtl of entity EightBitComparator [eightbitcomparator_default]
Compiling architecture rtl of entity MantissaComparator [mantissacomparator_default]
Compiling architecture behavioral of entity Comparator [comparator_default]
Compiling architecture rtl of entity CaseManager [casemanager_default]
Compiling architecture rtl of entity FullAdder [fulladder_default]
Compiling architecture rtl of entity RCA [\RCA(8)\]
Compiling architecture rtl of entity FirstStageTOP [firststagetop_default]
Compiling architecture behavior of entity test_stage1
Time Resolution for simulation is 1ps.
Waiting for 1 sub-compilation(s) to finish...
Compiled 21 VHDL Units
Built simulation executable /home/kryzha/Documents/proj-reti-2023/final_version/test_stage1_isim_beh.exe
Fuse Memory Usage: 2222436 KB
Fuse CPU Usage: 1130 ms
GCC CPU Usage: 480 ms
