Release 14.7 Map P.20131013 (lin64)
Xilinx Mapping Report File for Design 'Pipeline'

Design Information
------------------
Command Line   : map -intstyle ise -p xc6slx4-tqg144-3 -w -logic_opt off -ol
high -t 1 -xt 0 -register_duplication off -r 4 -global_opt off -mt off -ir off
-pr off -lc off -power off -o Pipeline_map.ncd Pipeline.ngd Pipeline.pcf 
Target Device  : xc6slx4
Target Package : tqg144
Target Speed   : -3
Mapper Version : spartan6 -- $Revision: 1.55 $
Mapped Date    : Sat Jul  1 10:17:19 2023

Design Summary
--------------
Number of errors:      0
Number of warnings:    1
Slice Logic Utilization:
  Number of Slice Registers:                   239 out of   4,800    4%
    Number used as Flip Flops:                 238
    Number used as Latches:                      1
    Number used as Latch-thrus:                  0
    Number used as AND/OR logics:                0
  Number of Slice LUTs:                        454 out of   2,400   18%
    Number used as logic:                      453 out of   2,400   18%
      Number using O6 output only:             402
      Number using O5 output only:               0
      Number using O5 and O6:                   51
      Number used as ROM:                        0
    Number used as Memory:                       0 out of   1,200    0%
    Number used exclusively as route-thrus:      1
      Number with same-slice register load:      1
      Number with same-slice carry load:         0
      Number with other load:                    0

Slice Logic Distribution:
  Number of occupied Slices:                   177 out of     600   29%
  Number of MUXCYs used:                         0 out of   1,200    0%
  Number of LUT Flip Flop pairs used:          514
    Number with an unused Flip Flop:           292 out of     514   56%
    Number with an unused LUT:                  60 out of     514   11%
    Number of fully used LUT-FF pairs:         162 out of     514   31%
    Number of unique control sets:               2
    Number of slice register sites lost
      to control set restrictions:               9 out of   4,800    1%

  A LUT Flip Flop pair for this architecture represents one LUT paired with
  one Flip Flop within a slice.  A control set is a unique combination of
  clock, reset, set, and enable signals for a registered element.
  The Slice Logic Distribution report is not meaningful if the design is
  over-mapped for a non-slice resource or if Placement fails.

IO Utilization:
  Number of bonded IOBs:                        99 out of     102   97%

Specific Feature Utilization:
  Number of RAMB16BWERs:                         0 out of      12    0%
  Number of RAMB8BWERs:                          0 out of      24    0%
  Number of BUFIO2/BUFIO2_2CLKs:                 0 out of      32    0%
  Number of BUFIO2FB/BUFIO2FB_2CLKs:             0 out of      32    0%
  Number of BUFG/BUFGMUXs:                       1 out of      16    6%
    Number used as BUFGs:                        1
    Number used as BUFGMUX:                      0
  Number of DCM/DCM_CLKGENs:                     0 out of       4    0%
  Number of ILOGIC2/ISERDES2s:                   0 out of     200    0%
  Number of IODELAY2/IODRP2/IODRP2_MCBs:         0 out of     200    0%
  Number of OLOGIC2/OSERDES2s:                   0 out of     200    0%
  Number of BSCANs:                              0 out of       4    0%
  Number of BUFHs:                               0 out of     128    0%
  Number of BUFPLLs:                             0 out of       8    0%
  Number of BUFPLL_MCBs:                         0 out of       4    0%
  Number of DSP48A1s:                            0 out of       8    0%
  Number of ICAPs:                               0 out of       1    0%
  Number of PCILOGICSEs:                         0 out of       2    0%
  Number of PLL_ADVs:                            0 out of       2    0%
  Number of PMVs:                                0 out of       1    0%
  Number of STARTUPs:                            0 out of       1    0%
  Number of SUSPEND_SYNCs:                       0 out of       1    0%

Average Fanout of Non-Clock Nets:                4.15

Peak Memory Usage:  641 MB
Total REAL time to MAP completion:  9 secs 
Total CPU time to MAP completion:   8 secs 

Table of Contents
-----------------
Section 1 - Errors
Section 2 - Warnings
Section 3 - Informational
Section 4 - Removed Logic Summary
Section 5 - Removed Logic
Section 6 - IOB Properties
Section 7 - RPMs
Section 8 - Guide Report
Section 9 - Area Group and Partition Summary
Section 10 - Timing Report
Section 11 - Configuration String Information
Section 12 - Control Set Information
Section 13 - Utilization by Hierarchy

Section 1 - Errors
------------------

Section 2 - Warnings
--------------------
WARNING:PhysDesignRules:372 - Gated clock. Clock net
   S1/COMP/M1_GRT_M1_SML_OR_12_o is sourced by a combinatorial pin. This is not
   good design practice. Use the CE pin to control the loading of data into the
   flip-flop.

Section 3 - Informational
-------------------------
INFO:MapLib:562 - No environment variables are currently set.
INFO:LIT:244 - All of the single ended outputs in this design are using slew
   rate limited output drivers. The delay on speed critical single ended outputs
   can be dramatically reduced by designating them as fast outputs.
INFO:Pack:1716 - Initializing temperature to 85.000 Celsius. (default - Range:
   0.000 to 85.000 Celsius)
INFO:Pack:1720 - Initializing voltage to 1.140 Volts. (default - Range: 1.140 to
   1.260 Volts)
INFO:Map:215 - The Interim Design Summary has been generated in the MAP Report
   (.mrp).
INFO:Pack:1650 - Map created a placed design.

Section 4 - Removed Logic Summary
---------------------------------

Section 5 - Removed Logic
-------------------------

Section 6 - IOB Properties
--------------------------

+---------------------------------------------------------------------------------------------------------------------------------------------------------+
| IOB Name                           | Type             | Direction | IO Standard          | Diff  | Drive    | Slew | Reg (s)      | Resistor | IOB      |
|                                    |                  |           |                      | Term  | Strength | Rate |              |          | Delay    |
+---------------------------------------------------------------------------------------------------------------------------------------------------------+
| CLK                                | IOB              | INPUT     | LVCMOS25             |       |          |      |              |          |          |
| INPUT1<0>                          | IOB              | INPUT     | LVCMOS25             |       |          |      |              |          |          |
| INPUT1<1>                          | IOB              | INPUT     | LVCMOS25             |       |          |      |              |          |          |
| INPUT1<2>                          | IOB              | INPUT     | LVCMOS25             |       |          |      |              |          |          |
| INPUT1<3>                          | IOB              | INPUT     | LVCMOS25             |       |          |      |              |          |          |
| INPUT1<4>                          | IOB              | INPUT     | LVCMOS25             |       |          |      |              |          |          |
| INPUT1<5>                          | IOB              | INPUT     | LVCMOS25             |       |          |      |              |          |          |
| INPUT1<6>                          | IOB              | INPUT     | LVCMOS25             |       |          |      |              |          |          |
| INPUT1<7>                          | IOB              | INPUT     | LVCMOS25             |       |          |      |              |          |          |
| INPUT1<8>                          | IOB              | INPUT     | LVCMOS25             |       |          |      |              |          |          |
| INPUT1<9>                          | IOB              | INPUT     | LVCMOS25             |       |          |      |              |          |          |
| INPUT1<10>                         | IOB              | INPUT     | LVCMOS25             |       |          |      |              |          |          |
| INPUT1<11>                         | IOB              | INPUT     | LVCMOS25             |       |          |      |              |          |          |
| INPUT1<12>                         | IOB              | INPUT     | LVCMOS25             |       |          |      |              |          |          |
| INPUT1<13>                         | IOB              | INPUT     | LVCMOS25             |       |          |      |              |          |          |
| INPUT1<14>                         | IOB              | INPUT     | LVCMOS25             |       |          |      |              |          |          |
| INPUT1<15>                         | IOB              | INPUT     | LVCMOS25             |       |          |      |              |          |          |
| INPUT1<16>                         | IOB              | INPUT     | LVCMOS25             |       |          |      |              |          |          |
| INPUT1<17>                         | IOB              | INPUT     | LVCMOS25             |       |          |      |              |          |          |
| INPUT1<18>                         | IOB              | INPUT     | LVCMOS25             |       |          |      |              |          |          |
| INPUT1<19>                         | IOB              | INPUT     | LVCMOS25             |       |          |      |              |          |          |
| INPUT1<20>                         | IOB              | INPUT     | LVCMOS25             |       |          |      |              |          |          |
| INPUT1<21>                         | IOB              | INPUT     | LVCMOS25             |       |          |      |              |          |          |
| INPUT1<22>                         | IOB              | INPUT     | LVCMOS25             |       |          |      |              |          |          |
| INPUT1<23>                         | IOB              | INPUT     | LVCMOS25             |       |          |      |              |          |          |
| INPUT1<24>                         | IOB              | INPUT     | LVCMOS25             |       |          |      |              |          |          |
| INPUT1<25>                         | IOB              | INPUT     | LVCMOS25             |       |          |      |              |          |          |
| INPUT1<26>                         | IOB              | INPUT     | LVCMOS25             |       |          |      |              |          |          |
| INPUT1<27>                         | IOB              | INPUT     | LVCMOS25             |       |          |      |              |          |          |
| INPUT1<28>                         | IOB              | INPUT     | LVCMOS25             |       |          |      |              |          |          |
| INPUT1<29>                         | IOB              | INPUT     | LVCMOS25             |       |          |      |              |          |          |
| INPUT1<30>                         | IOB              | INPUT     | LVCMOS25             |       |          |      |              |          |          |
| INPUT1<31>                         | IOB              | INPUT     | LVCMOS25             |       |          |      |              |          |          |
| INPUT2<0>                          | IOB              | INPUT     | LVCMOS25             |       |          |      |              |          |          |
| INPUT2<1>                          | IOB              | INPUT     | LVCMOS25             |       |          |      |              |          |          |
| INPUT2<2>                          | IOB              | INPUT     | LVCMOS25             |       |          |      |              |          |          |
| INPUT2<3>                          | IOB              | INPUT     | LVCMOS25             |       |          |      |              |          |          |
| INPUT2<4>                          | IOB              | INPUT     | LVCMOS25             |       |          |      |              |          |          |
| INPUT2<5>                          | IOB              | INPUT     | LVCMOS25             |       |          |      |              |          |          |
| INPUT2<6>                          | IOB              | INPUT     | LVCMOS25             |       |          |      |              |          |          |
| INPUT2<7>                          | IOB              | INPUT     | LVCMOS25             |       |          |      |              |          |          |
| INPUT2<8>                          | IOB              | INPUT     | LVCMOS25             |       |          |      |              |          |          |
| INPUT2<9>                          | IOB              | INPUT     | LVCMOS25             |       |          |      |              |          |          |
| INPUT2<10>                         | IOB              | INPUT     | LVCMOS25             |       |          |      |              |          |          |
| INPUT2<11>                         | IOB              | INPUT     | LVCMOS25             |       |          |      |              |          |          |
| INPUT2<12>                         | IOB              | INPUT     | LVCMOS25             |       |          |      |              |          |          |
| INPUT2<13>                         | IOB              | INPUT     | LVCMOS25             |       |          |      |              |          |          |
| INPUT2<14>                         | IOB              | INPUT     | LVCMOS25             |       |          |      |              |          |          |
| INPUT2<15>                         | IOB              | INPUT     | LVCMOS25             |       |          |      |              |          |          |
| INPUT2<16>                         | IOB              | INPUT     | LVCMOS25             |       |          |      |              |          |          |
| INPUT2<17>                         | IOB              | INPUT     | LVCMOS25             |       |          |      |              |          |          |
| INPUT2<18>                         | IOB              | INPUT     | LVCMOS25             |       |          |      |              |          |          |
| INPUT2<19>                         | IOB              | INPUT     | LVCMOS25             |       |          |      |              |          |          |
| INPUT2<20>                         | IOB              | INPUT     | LVCMOS25             |       |          |      |              |          |          |
| INPUT2<21>                         | IOB              | INPUT     | LVCMOS25             |       |          |      |              |          |          |
| INPUT2<22>                         | IOB              | INPUT     | LVCMOS25             |       |          |      |              |          |          |
| INPUT2<23>                         | IOB              | INPUT     | LVCMOS25             |       |          |      |              |          |          |
| INPUT2<24>                         | IOB              | INPUT     | LVCMOS25             |       |          |      |              |          |          |
| INPUT2<25>                         | IOB              | INPUT     | LVCMOS25             |       |          |      |              |          |          |
| INPUT2<26>                         | IOB              | INPUT     | LVCMOS25             |       |          |      |              |          |          |
| INPUT2<27>                         | IOB              | INPUT     | LVCMOS25             |       |          |      |              |          |          |
| INPUT2<28>                         | IOB              | INPUT     | LVCMOS25             |       |          |      |              |          |          |
| INPUT2<29>                         | IOB              | INPUT     | LVCMOS25             |       |          |      |              |          |          |
| INPUT2<30>                         | IOB              | INPUT     | LVCMOS25             |       |          |      |              |          |          |
| INPUT2<31>                         | IOB              | INPUT     | LVCMOS25             |       |          |      |              |          |          |
| OP_IN                              | IOB              | INPUT     | LVCMOS25             |       |          |      |              |          |          |
| OUTPUT<0>                          | IOB              | OUTPUT    | LVCMOS25             |       | 12       | SLOW |              |          |          |
| OUTPUT<1>                          | IOB              | OUTPUT    | LVCMOS25             |       | 12       | SLOW |              |          |          |
| OUTPUT<2>                          | IOB              | OUTPUT    | LVCMOS25             |       | 12       | SLOW |              |          |          |
| OUTPUT<3>                          | IOB              | OUTPUT    | LVCMOS25             |       | 12       | SLOW |              |          |          |
| OUTPUT<4>                          | IOB              | OUTPUT    | LVCMOS25             |       | 12       | SLOW |              |          |          |
| OUTPUT<5>                          | IOB              | OUTPUT    | LVCMOS25             |       | 12       | SLOW |              |          |          |
| OUTPUT<6>                          | IOB              | OUTPUT    | LVCMOS25             |       | 12       | SLOW |              |          |          |
| OUTPUT<7>                          | IOB              | OUTPUT    | LVCMOS25             |       | 12       | SLOW |              |          |          |
| OUTPUT<8>                          | IOB              | OUTPUT    | LVCMOS25             |       | 12       | SLOW |              |          |          |
| OUTPUT<9>                          | IOB              | OUTPUT    | LVCMOS25             |       | 12       | SLOW |              |          |          |
| OUTPUT<10>                         | IOB              | OUTPUT    | LVCMOS25             |       | 12       | SLOW |              |          |          |
| OUTPUT<11>                         | IOB              | OUTPUT    | LVCMOS25             |       | 12       | SLOW |              |          |          |
| OUTPUT<12>                         | IOB              | OUTPUT    | LVCMOS25             |       | 12       | SLOW |              |          |          |
| OUTPUT<13>                         | IOB              | OUTPUT    | LVCMOS25             |       | 12       | SLOW |              |          |          |
| OUTPUT<14>                         | IOB              | OUTPUT    | LVCMOS25             |       | 12       | SLOW |              |          |          |
| OUTPUT<15>                         | IOB              | OUTPUT    | LVCMOS25             |       | 12       | SLOW |              |          |          |
| OUTPUT<16>                         | IOB              | OUTPUT    | LVCMOS25             |       | 12       | SLOW |              |          |          |
| OUTPUT<17>                         | IOB              | OUTPUT    | LVCMOS25             |       | 12       | SLOW |              |          |          |
| OUTPUT<18>                         | IOB              | OUTPUT    | LVCMOS25             |       | 12       | SLOW |              |          |          |
| OUTPUT<19>                         | IOB              | OUTPUT    | LVCMOS25             |       | 12       | SLOW |              |          |          |
| OUTPUT<20>                         | IOB              | OUTPUT    | LVCMOS25             |       | 12       | SLOW |              |          |          |
| OUTPUT<21>                         | IOB              | OUTPUT    | LVCMOS25             |       | 12       | SLOW |              |          |          |
| OUTPUT<22>                         | IOB              | OUTPUT    | LVCMOS25             |       | 12       | SLOW |              |          |          |
| OUTPUT<23>                         | IOB              | OUTPUT    | LVCMOS25             |       | 12       | SLOW |              |          |          |
| OUTPUT<24>                         | IOB              | OUTPUT    | LVCMOS25             |       | 12       | SLOW |              |          |          |
| OUTPUT<25>                         | IOB              | OUTPUT    | LVCMOS25             |       | 12       | SLOW |              |          |          |
| OUTPUT<26>                         | IOB              | OUTPUT    | LVCMOS25             |       | 12       | SLOW |              |          |          |
| OUTPUT<27>                         | IOB              | OUTPUT    | LVCMOS25             |       | 12       | SLOW |              |          |          |
| OUTPUT<28>                         | IOB              | OUTPUT    | LVCMOS25             |       | 12       | SLOW |              |          |          |
| OUTPUT<29>                         | IOB              | OUTPUT    | LVCMOS25             |       | 12       | SLOW |              |          |          |
| OUTPUT<30>                         | IOB              | OUTPUT    | LVCMOS25             |       | 12       | SLOW |              |          |          |
| OUTPUT<31>                         | IOB              | OUTPUT    | LVCMOS25             |       | 12       | SLOW |              |          |          |
| RESET                              | IOB              | INPUT     | LVCMOS25             |       |          |      |              |          |          |
+---------------------------------------------------------------------------------------------------------------------------------------------------------+

Section 7 - RPMs
----------------

Section 8 - Guide Report
------------------------
Guide not run on this design.

Section 9 - Area Group and Partition Summary
--------------------------------------------

Partition Implementation Status
-------------------------------

  No Partitions were found in this design.

-------------------------------

Area Group Information
----------------------

  No area groups were found in this design.

----------------------

Section 10 - Timing Report
--------------------------
A logic-level (pre-route) timing report can be generated by using Xilinx static
timing analysis tools, Timing Analyzer (GUI) or TRCE (command line), with the
mapped NCD and PCF files. Please note that this timing report will be generated
using estimated delay information. For accurate numbers, please generate a
timing report with the post Place and Route NCD file.

For more information about the Timing Analyzer, consult the Xilinx Timing
Analyzer Reference Manual; for more information about TRCE, consult the Xilinx
Command Line Tools User Guide "TRACE" chapter.

Section 11 - Configuration String Details
-----------------------------------------
Use the "-detail" map option to print out Configuration Strings

Section 12 - Control Set Information
------------------------------------
Use the "-detail" map option to print out Control Set Information.

Section 13 - Utilization by Hierarchy
-------------------------------------
Use the "-detail" map option to print out the Utilization by Hierarchy section.
